inserted 15
inserted 6
inserted 7
inserted 3
inserted 4
inserted 18
inserted 20
inserted 2
inserted 13
inserted 17
inserted 9
((((2)3(4))6(7((9)13)))15((17)18(20)))
18 is present
16 is absent
8 is absent
9 is present
17 succeeds 15
7 succeeds 6
6 succeeds 4
4 precedes 6
minimum 2
maximum 20
deleted 15
((((2)3(4))6(7((9)13)))17(18(20)))
deleted 18
((((2)3(4))6(7((9)13)))17(20))
deleted 20
((((2)3(4))6(7((9)13)))17)
deleted 17
(((2)3(4))6(7((9)13)))
deleted 6
(((2)3(4))7((9)13))
deleted 7
(((2)3(4))9(13))
deleted 3
(((2)4)9(13))
deleted 13
(((2)4)9)
deleted 9
((2)4)
deleted 4
(2)
deleted 2

inserted 68
inserted 62
inserted 67
inserted 69
inserted 71
inserted 61
inserted 65
inserted 70
inserted 72
inserted 63
inserted 64
inserted 74
inserted 75
inserted 73
inserted 66
(((61)62(((63(64))65(66))67))68(69((70)71(72((73)74(75))))))
60 is absent
68 is present
66 is present
76 is absent
minimum 61
maximum 75
69 precedes 70
71 precedes 72
66 precedes 67
62 precedes 63
67 precedes 68
no key precedes 61
deleted 69
(((61)62(((63(64))65(66))67))68((70)71(72((73)74(75)))))
deleted 67
(((61)62((63(64))65(66)))68((70)71(72((73)74(75)))))
deleted 71
(((61)62((63(64))65(66)))68((70)72((73)74(75))))
deleted 62
(((61)63((64)65(66)))68((70)72((73)74(75))))
deleted 68
(((61)63((64)65(66)))70(72((73)74(75))))
deleted 63
(((61)64(65(66)))70(72((73)74(75))))
deleted 61
((64(65(66)))70(72((73)74(75))))
deleted 65
((64(66))70(72((73)74(75))))
deleted 70
((64(66))72((73)74(75)))
deleted 72
((64(66))73(74(75)))
deleted 74
((64(66))73(75))
deleted 64
((66)73(75))
deleted 73
((66)75)
deleted 75
(66)
deleted 66

inserted 31
inserted 39
inserted 38
inserted 37
inserted 36
inserted 35
inserted 34
inserted 33
inserted 32
(31((((((((32)33)34)35)36)37)38)39))
no key precedes 31
32 succeeds 31
31 precedes 32
33 succeeds 32
minimum 31
maximum 39
35 is present
32 is present
deleted 35
(31(((((((32)33)34)36)37)38)39))
35 is absent
deleted 39
(31((((((32)33)34)36)37)38))
deleted 37
(31(((((32)33)34)36)38))
deleted 38
(31((((32)33)34)36))
deleted 36
(31(((32)33)34))
deleted 33
(31((32)34))
deleted 34
(31(32))
32 is present
deleted 32
(31)
32 is absent
deleted 31

inserted 41
inserted 49
inserted 42
inserted 48
inserted 43
inserted 47
inserted 44
inserted 46
inserted 45
(41((42((43((44((45)46))47))48))49))
minimum 41
maximum 49
no key precedes 41
42 succeeds 41
41 precedes 42
48 precedes 49
deleted 41
((42((43((44((45)46))47))48))49)
deleted 42
(((43((44((45)46))47))48)49)
43 is present
deleted 43
((((44((45)46))47)48)49)
43 is absent
deleted 44
(((((45)46)47)48)49)
deleted 45
((((46)47)48)49)
deleted 46
(((47)48)49)
deleted 47
((48)49)
48 is present
deleted 48
(49)
48 is absent
deleted 49

inserted 8
minimum 8
maximum 8
inserted 9
minimum 8
maximum 9
inserted 11
minimum 8
maximum 11
inserted 2
minimum 2
maximum 11
inserted 1
minimum 1
maximum 11
inserted 12
minimum 1
maximum 12
inserted 7
minimum 1
maximum 12
inserted 14
minimum 1
maximum 14
inserted 5
minimum 1
maximum 14
inserted 6
minimum 1
maximum 14
inserted 13
minimum 1
maximum 14
inserted 10
minimum 1
maximum 14
inserted 15
minimum 1
maximum 15
inserted 3
minimum 1
maximum 15
inserted 4
minimum 1
maximum 15
(((1)2(((3(4))5(6))7))8(9((10)11(12((13)14(15))))))
no key precedes 1
1 precedes 2
2 precedes 3
3 precedes 4
4 precedes 5
5 precedes 6
6 precedes 7
7 precedes 8
8 precedes 9
9 precedes 10
10 precedes 11
11 precedes 12
12 precedes 13
13 precedes 14
14 precedes 15
2 succeeds 1
3 succeeds 2
4 succeeds 3
5 succeeds 4
6 succeeds 5
7 succeeds 6
8 succeeds 7
9 succeeds 8
10 succeeds 9
11 succeeds 10
12 succeeds 11
13 succeeds 12
14 succeeds 13
15 succeeds 14
no key succeeds 15
deleted 9
(((1)2(((3(4))5(6))7))8((10)11(12((13)14(15)))))
minimum 1
maximum 15
deleted 7
(((1)2((3(4))5(6)))8((10)11(12((13)14(15)))))
minimum 1
maximum 15
deleted 11
(((1)2((3(4))5(6)))8((10)12((13)14(15))))
minimum 1
maximum 15
deleted 2
(((1)3((4)5(6)))8((10)12((13)14(15))))
minimum 1
maximum 15
deleted 8
(((1)3((4)5(6)))10(12((13)14(15))))
minimum 1
maximum 15
deleted 1
((3((4)5(6)))10(12((13)14(15))))
minimum 3
maximum 15
deleted 12
((3((4)5(6)))10((13)14(15)))
minimum 3
maximum 15
1 is absent
2 is absent
3 is present
4 is present
5 is present
6 is present
7 is absent
8 is absent
9 is absent
10 is present
11 is absent
12 is absent
13 is present
14 is present
15 is present
deleted 14
((3((4)5(6)))10((13)15))
minimum 3
maximum 15
deleted 5
((3((4)6))10((13)15))
minimum 3
maximum 15
deleted 6
((3(4))10((13)15))
minimum 3
maximum 15
deleted 13
((3(4))10(15))
minimum 3
maximum 15
deleted 10
((3(4))15)
minimum 3
maximum 15
deleted 15
(3(4))
minimum 3
maximum 4
deleted 3
(4)
minimum 4
maximum 4
deleted 4

no minimum
no maximum
inserted 718
inserted 804
inserted 389
inserted 794
inserted 460
inserted 932
inserted 704
inserted 873
inserted 323
inserted 41
inserted 329
inserted 445
inserted 700
inserted 723
inserted 667
inserted 728
inserted 883
inserted 939
inserted 588
inserted 296
inserted 482
inserted 73
704 precedes 718
794 precedes 804
329 precedes 389
728 precedes 794
445 precedes 460
883 precedes 932
700 precedes 704
804 precedes 873
296 precedes 323
no key precedes 41
323 precedes 329
389 precedes 445
667 precedes 700
718 precedes 723
588 precedes 667
723 precedes 728
873 precedes 883
932 precedes 939
482 precedes 588
73 precedes 296
460 precedes 482
41 precedes 73
723 succeeds 718
873 succeeds 804
445 succeeds 389
804 succeeds 794
482 succeeds 460
939 succeeds 932
718 succeeds 704
883 succeeds 873
329 succeeds 323
73 succeeds 41
389 succeeds 329
460 succeeds 445
704 succeeds 700
728 succeeds 723
700 succeeds 667
794 succeeds 728
932 succeeds 883
no key succeeds 939
667 succeeds 588
323 succeeds 296
588 succeeds 482
296 succeeds 73
718 is present
805 is absent
389 is present
793 is absent
460 is present
933 is absent
704 is present
874 is absent
323 is present
42 is absent
329 is present
444 is absent
700 is present
724 is absent
667 is present
727 is absent
883 is present
940 is absent
588 is present
295 is absent
482 is present
74 is absent
((((41((73)296))323(329))389((445)460(((((482)588)667)700)704)))718(((723(728))794)804((873(883))932(939))))
minimum 41
maximum 939
deleted 718
((((41((73)296))323(329))389((445)460(((((482)588)667)700)704)))723(((728)794)804((873(883))932(939))))
minimum 41
maximum 939
deleted 804
((((41((73)296))323(329))389((445)460(((((482)588)667)700)704)))723(((728)794)873((883)932(939))))
minimum 41
maximum 939
deleted 389
((((41((73)296))323(329))445(460(((((482)588)667)700)704)))723(((728)794)873((883)932(939))))
minimum 41
maximum 939
deleted 794
((((41((73)296))323(329))445(460(((((482)588)667)700)704)))723((728)873((883)932(939))))
minimum 41
maximum 939
deleted 460
((((41((73)296))323(329))445(((((482)588)667)700)704))723((728)873((883)932(939))))
minimum 41
maximum 939
deleted 932
((((41((73)296))323(329))445(((((482)588)667)700)704))723((728)873((883)939)))
minimum 41
maximum 939
deleted 704
((((41((73)296))323(329))445((((482)588)667)700))723((728)873((883)939)))
minimum 41
maximum 939
deleted 873
((((41((73)296))323(329))445((((482)588)667)700))723((728)883(939)))
minimum 41
maximum 939
deleted 323
((((41((73)296))329)445((((482)588)667)700))723((728)883(939)))
minimum 41
maximum 939
deleted 41
(((((73)296)329)445((((482)588)667)700))723((728)883(939)))
minimum 73
maximum 939
deleted 329
((((73)296)445((((482)588)667)700))723((728)883(939)))
minimum 73
maximum 939
deleted 445
((((73)296)482(((588)667)700))723((728)883(939)))
minimum 73
maximum 939
deleted 700
((((73)296)482((588)667))723((728)883(939)))
minimum 73
maximum 939
deleted 723
((((73)296)482((588)667))728(883(939)))
minimum 73
maximum 939
deleted 667
((((73)296)482(588))728(883(939)))
minimum 73
maximum 939
deleted 728
((((73)296)482(588))883(939))
minimum 73
maximum 939
deleted 883
((((73)296)482(588))939)
minimum 73
maximum 939
deleted 939
(((73)296)482(588))
minimum 73
maximum 588
deleted 588
(((73)296)482)
minimum 73
maximum 482
deleted 296
((73)482)
minimum 73
maximum 482
deleted 482
(73)
minimum 73
maximum 73
deleted 73

no minimum
no maximum
98 is absent
