bfsdistances 0 X X X
bfsdistances X 0 X X
bfsdistances X X 0 X
bfsdistances X X X 0
dfstimes 1/2 3/4 5/6 7/8
toposort 4 3 2 1
bfsdistances 0 1 1 2
bfsdistances 2 0 1 1
bfsdistances 2 3 0 1
bfsdistances 1 2 2 0
dfstimes 1/8 2/7 3/6 4/5
toposort 1 2 3 4
bfsdistances 0 1
bfsdistances 1 0
dfstimes 1/4 2/3
toposort 1 2
bfsdistances 0 1
bfsdistances X 0
dfstimes 1/4 2/3
toposort 1 2
bfsdistances 0 X
bfsdistances 1 0
dfstimes 1/2 3/4
toposort 2 1
bfsdistances 0 X X
bfsdistances 1 0 X
bfsdistances 2 1 0
dfstimes 1/2 3/4 5/6
toposort 3 2 1
bfsdistances 0 1 2 3 4 5
bfsdistances X 0 1 2 3 4
bfsdistances X X 0 1 2 3
bfsdistances X X X 0 1 2
bfsdistances X X X X 0 1
bfsdistances X X X X X 0
dfstimes 1/12 2/11 3/10 4/9 5/8 6/7
toposort 1 2 3 4 5 6
bfsdistances 0 1 1 X X X
bfsdistances X 0 1 X X X
bfsdistances X X 0 X X X
bfsdistances X X X 0 X X
bfsdistances X X X 1 0 X
bfsdistances X X X 1 1 0
dfstimes 1/6 2/5 3/4 7/8 9/10 11/12
toposort 6 5 4 1 2 3
bfsdistances 0 1 2 4 3 3
bfsdistances 2 0 1 3 2 2
bfsdistances 1 2 0 2 1 1
bfsdistances 3 1 2 0 3 3
bfsdistances 1 2 3 5 0 4
bfsdistances 2 1 2 1 1 0
dfstimes 1/12 2/11 3/10 7/8 4/5 6/9
toposort 1 2 3 6 4 5
bfsdistances 0 X X X 1 X
bfsdistances 2 0 X X 1 1
bfsdistances 2 1 0 1 2 1
bfsdistances 1 X X 0 2 X
bfsdistances X X X X 0 X
bfsdistances 1 X X X 2 0
dfstimes 1/4 5/8 9/12 10/11 2/3 6/7
toposort 3 4 2 6 1 5
bfsdistances 0 1 1 X X X
bfsdistances X 0 1 X X X
bfsdistances X X 0 X X X
bfsdistances 1 1 2 0 X 1
bfsdistances 2 2 3 1 0 2
bfsdistances 1 2 2 X X 0
dfstimes 1/6 2/5 3/4 7/10 11/12 8/9
toposort 5 4 6 1 2 3
bfsdistances 0 X X X X 1 X X
bfsdistances 2 0 1 3 2 3 2 1
bfsdistances 1 5 0 4 1 2 3 2
bfsdistances 3 1 2 0 1 4 3 2
bfsdistances 2 4 1 3 0 3 2 1
bfsdistances X X X X X 0 X X
bfsdistances 1 2 3 1 2 2 0 1
bfsdistances 2 3 4 2 3 3 1 0
dfstimes 1/4 5/16 6/15 10/11 7/14 2/3 9/12 8/13
toposort 2 3 5 8 7 4 1 6
bfsdistances 0 1 2 3 X X X X 4
bfsdistances X 0 1 2 X X X X 3
bfsdistances X X 0 1 X X X X 2
bfsdistances X X X 0 X X X X 1
bfsdistances X X 4 5 0 1 2 3 4
bfsdistances X X 3 4 2 0 1 2 3
bfsdistances X X 2 3 1 2 0 1 2
bfsdistances X X 1 2 X X X 0 1
bfsdistances X X X 1 X X X X 0
dfstimes 1/10 2/9 3/8 4/7 11/18 12/17 13/16 14/15 5/6
toposort 5 6 7 8 1 2 3 4 9
bfsdistances 0 X X X X X X X X
bfsdistances 7 0 3 X 2 5 6 4 1
bfsdistances 4 X 0 X X 2 3 1 X
bfsdistances 8 1 4 0 3 6 7 5 2
bfsdistances 5 X 1 X 0 3 4 2 X
bfsdistances 2 X X X X 0 1 X X
bfsdistances 1 X X X X X 0 X X
bfsdistances 3 X X X X 1 2 0 X
bfsdistances 6 X 2 X 1 4 5 3 0
dfstimes 1/2 3/16 6/13 17/18 5/14 8/11 9/10 7/12 4/15
toposort 4 2 9 5 3 8 6 7 1
bfsdistances 0 1 1 2 3 3 2 3 3
bfsdistances 3 0 1 2 2 3 1 2 3
bfsdistances 3 3 0 1 2 2 1 2 2
bfsdistances 4 2 2 0 3 1 2 3 1
bfsdistances 4 5 4 5 0 1 2 3 4
bfsdistances 3 4 3 4 2 0 1 2 3
bfsdistances 2 3 2 3 1 2 0 1 2
bfsdistances 1 2 1 2 3 3 2 0 1
bfsdistances 4 1 1 1 3 2 2 3 0
dfstimes 1/18 2/17 3/16 4/15 7/8 5/14 6/13 9/12 10/11
toposort 1 2 3 4 6 7 8 9 5
bfsdistances 0 X X X X X X X X X X
bfsdistances X 0 X 1 X 1 X 1 X 1 X
bfsdistances X X 0 X 1 X 2 X 3 X X
bfsdistances X X X 0 X 1 X 1 X 1 X
bfsdistances X X 3 X 0 X 1 X 2 X X
bfsdistances X X X X X 0 X 1 X 1 X
bfsdistances X X 2 X 3 X 0 X 1 X X
bfsdistances X X X X X X X 0 X 1 X
bfsdistances X X 1 X 2 X 3 X 0 X X
bfsdistances X X X X X X X X X 0 X
bfsdistances X X X X X X X X X X 0
dfstimes 1/2 3/12 13/20 4/11 14/19 5/10 15/18 6/9 16/17 7/8 21/22
toposort 11 3 5 7 9 2 4 6 8 10 1
bfsdistances 0 3 3 3 1 1 4 4 2 2 2
bfsdistances 2 0 3 3 3 1 1 4 4 2 2
bfsdistances 2 2 0 3 3 3 1 1 4 4 2
bfsdistances 2 2 2 0 3 3 3 1 1 4 4
bfsdistances 4 2 2 2 0 3 3 3 1 1 4
bfsdistances 4 4 2 2 2 0 3 3 3 1 1
bfsdistances 1 4 4 2 2 2 0 3 3 3 1
bfsdistances 1 1 4 4 2 2 2 0 3 3 3
bfsdistances 3 1 1 4 4 2 2 2 0 3 3
bfsdistances 3 3 1 1 4 4 2 2 2 0 3
bfsdistances 3 3 3 1 1 4 4 2 2 2 0
dfstimes 1/22 4/19 7/16 10/13 2/21 5/18 8/15 11/12 3/20 6/17 9/14
toposort 1 5 9 2 6 10 3 7 11 4 8
